<?xml version="1.0" encoding="UTF-8"?>
<robot generator="Robot 6.0.1 (Python 3.8.10 on win32)" generated="20221207 13:03:02.688" rpa="false" schemaversion="3">
<suite id="s1" name="Testcases" source="D:\Testing Documents\TestAutomation\AutomationExercise\Testcases\Testcases.robot">
<kw name="Launch browser and open url" library="User_Keywords" type="SETUP">
<kw name="Open Browser" library="SeleniumLibrary">
<arg>${APP_URL}</arg>
<arg>${BROWSER}</arg>
<doc>Opens a new browser instance to the optional ``url``.</doc>
<msg timestamp="20221207 13:03:03.294" level="INFO">Opening browser 'chrome' to base url 'http://automationexercise.com'.</msg>
<status status="PASS" starttime="20221207 13:03:03.292" endtime="20221207 13:03:23.412"/>
</kw>
<kw name="Maximize Browser Window" library="SeleniumLibrary">
<doc>Maximizes current browser window.</doc>
<status status="PASS" starttime="20221207 13:03:23.412" endtime="20221207 13:03:23.811"/>
</kw>
<status status="PASS" starttime="20221207 13:03:03.291" endtime="20221207 13:03:23.811"/>
</kw>
<test id="s1-t1" name="Test Case 7: Verify Test Cases Page" line="65">
<kw name="Verify page and Signup / Sign in" library="User_Keywords">
<kw name="Set Browser Implicit Wait" library="SeleniumLibrary">
<arg>5 seconds</arg>
<doc>Sets the implicit wait value used by Selenium.</doc>
<status status="PASS" starttime="20221207 13:03:23.816" endtime="20221207 13:03:23.827"/>
</kw>
<kw name="Page Should Contain Element" library="SeleniumLibrary">
<arg>${WebsiteLogo}</arg>
<doc>Verifies that element ``locator`` is found on the current page.</doc>
<msg timestamp="20221207 13:03:23.873" level="INFO">Current page contains element 'xpath://*[@class="logo pull-left"]'.</msg>
<status status="PASS" starttime="20221207 13:03:23.827" endtime="20221207 13:03:23.874"/>
</kw>
<kw name="Click Element" library="SeleniumLibrary">
<arg>${SignupLogin}</arg>
<doc>Click the element identified by ``locator``.</doc>
<msg timestamp="20221207 13:03:23.875" level="INFO">Clicking element 'xpath://*[@class="fa fa-lock"]'.</msg>
<status status="PASS" starttime="20221207 13:03:23.874" endtime="20221207 13:03:29.067"/>
</kw>
<kw name="Element Should Contain" library="SeleniumLibrary">
<arg>${Signupform}</arg>
<arg>New User Signup!</arg>
<doc>Verifies that element ``locator`` contains text ``expected``.</doc>
<msg timestamp="20221207 13:03:29.138" level="INFO">Element 'xpath://*[@class="signup-form"]' contains text 'New User Signup!'.</msg>
<status status="PASS" starttime="20221207 13:03:29.067" endtime="20221207 13:03:29.138"/>
</kw>
<status status="PASS" starttime="20221207 13:03:23.815" endtime="20221207 13:03:29.138"/>
</kw>
<kw name="Login to your account with correct credentials" library="User_Keywords">
<kw name="Input Text" library="SeleniumLibrary">
<arg>${LoginEmail}</arg>
<arg>sayyed.m6@gmail.com</arg>
<doc>Types the given ``text`` into the text field identified by ``locator``.</doc>
<msg timestamp="20221207 13:03:29.141" level="INFO">Typing text 'sayyed.m6@gmail.com' into text field 'name:email'.</msg>
<status status="PASS" starttime="20221207 13:03:29.140" endtime="20221207 13:03:29.435"/>
</kw>
<kw name="Input Text" library="SeleniumLibrary">
<arg>${LoginPassword}</arg>
<arg>Pass@123</arg>
<doc>Types the given ``text`` into the text field identified by ``locator``.</doc>
<msg timestamp="20221207 13:03:29.437" level="INFO">Typing text 'Pass@123' into text field 'name:password'.</msg>
<status status="PASS" starttime="20221207 13:03:29.436" endtime="20221207 13:03:29.676"/>
</kw>
<kw name="Click Button" library="SeleniumLibrary">
<arg>${LoginButton}</arg>
<doc>Clicks the button identified by ``locator``.</doc>
<msg timestamp="20221207 13:03:29.677" level="INFO">Clicking button 'xpath://button[contains(text(),'Login')]'.</msg>
<status status="PASS" starttime="20221207 13:03:29.676" endtime="20221207 13:03:37.907"/>
</kw>
<status status="PASS" starttime="20221207 13:03:29.139" endtime="20221207 13:03:37.907"/>
</kw>
<kw name="Verify that 'Logged in as username' is visible" library="User_Keywords">
<kw name="Element Should Contain" library="SeleniumLibrary">
<arg>${LoginAs}</arg>
<arg>Logged in as</arg>
<doc>Verifies that element ``locator`` contains text ``expected``.</doc>
<msg timestamp="20221207 13:03:38.271" level="INFO">Element 'partial link:Logged in as' contains text 'Logged in as'.</msg>
<status status="PASS" starttime="20221207 13:03:37.908" endtime="20221207 13:03:38.271"/>
</kw>
<status status="PASS" starttime="20221207 13:03:37.908" endtime="20221207 13:03:38.272"/>
</kw>
<kw name="Click on 'Test Cases' button and Verify" library="User_Keywords">
<kw name="Click Element" library="SeleniumLibrary">
<arg>${TestCase_Menu}</arg>
<doc>Click the element identified by ``locator``.</doc>
<msg timestamp="20221207 13:03:38.274" level="INFO">Clicking element 'xpath://a[contains(text(),'Test Cases')]'.</msg>
<status status="PASS" starttime="20221207 13:03:38.273" endtime="20221207 13:03:41.114"/>
</kw>
<kw name="Page Should Contain Element" library="SeleniumLibrary">
<arg>${TestCase_Verify}</arg>
<doc>Verifies that element ``locator`` is found on the current page.</doc>
<msg timestamp="20221207 13:03:41.142" level="INFO">Current page contains element 'xpath://b[normalize-space()='Test Cases']'.</msg>
<status status="PASS" starttime="20221207 13:03:41.114" endtime="20221207 13:03:41.142"/>
</kw>
<status status="PASS" starttime="20221207 13:03:38.272" endtime="20221207 13:03:41.142"/>
</kw>
<doc>Validate Test Case page</doc>
<tag>TestCases</tag>
<status status="PASS" starttime="20221207 13:03:23.812" endtime="20221207 13:03:41.143"/>
</test>
<kw name="Close my browsers" library="User_Keywords" type="TEARDOWN">
<kw name="Close All Browsers" library="SeleniumLibrary">
<doc>Closes all open browsers and resets the browser cache.</doc>
<status status="PASS" starttime="20221207 13:03:41.146" endtime="20221207 13:03:47.172"/>
</kw>
<status status="PASS" starttime="20221207 13:03:41.146" endtime="20221207 13:03:47.173"/>
</kw>
<status status="PASS" starttime="20221207 13:03:02.691" endtime="20221207 13:03:47.173"/>
</suite>
<statistics>
<total>
<stat pass="1" fail="0" skip="0">All Tests</stat>
</total>
<tag>
<stat pass="1" fail="0" skip="0">TestCases</stat>
</tag>
<suite>
<stat pass="1" fail="0" skip="0" id="s1" name="Testcases">Testcases</stat>
</suite>
</statistics>
<errors>
</errors>
</robot>
